0 info it worked if it ends with ok
1 verbose cli [ '/usr/bin/node', '/usr/bin/npm', 'install' ]
2 info using npm@3.5.2
3 info using node@v8.10.0
4 silly loadCurrentTree Starting
5 silly install loadCurrentTree
6 silly install readLocalPackageData
7 silly install normalizeTree
8 silly loadCurrentTree Finishing
9 silly loadIdealTree Starting
10 silly install loadIdealTree
11 silly cloneCurrentTree Starting
12 silly install cloneCurrentTreeToIdealTree
13 silly cloneCurrentTree Finishing
14 silly loadShrinkwrap Starting
15 silly install loadShrinkwrap
16 silly loadShrinkwrap Finishing
17 silly loadAllDepsIntoIdealTree Starting
18 silly install loadAllDepsIntoIdealTree
19 silly fetchNamedPackageData ejs
20 silly mapToRegistry name ejs
21 silly mapToRegistry using default registry
22 silly mapToRegistry registry https://registry.npmjs.org/
23 silly mapToRegistry uri https://registry.npmjs.org/ejs
24 verbose request uri https://registry.npmjs.org/ejs
25 verbose request no auth needed
26 info attempt registry request try #1 at 7:07:04 PM
27 verbose request id 070a506273452bfd
28 verbose etag W/"8ca6c345745df8645c94bce60b388876"
29 verbose lastModified Sun, 24 Nov 2019 01:43:20 GMT
30 http request GET https://registry.npmjs.org/ejs
31 http 304 https://registry.npmjs.org/ejs
32 verbose headers { date: 'Mon, 02 Mar 2020 00:07:04 GMT',
32 verbose headers   connection: 'keep-alive',
32 verbose headers   'set-cookie':
32 verbose headers    [ '__cfduid=d6e38462fb229f9d1db5722ff83bb64321583107624; expires=Wed, 01-Apr-20 00:07:04 GMT; path=/; domain=.npmjs.org; HttpOnly; SameSite=Lax' ],
32 verbose headers   'cf-ray': '56d6e01a6811e5ab-BOG',
32 verbose headers   age: '46',
32 verbose headers   'cache-control': 'public, max-age=300',
32 verbose headers   etag: '"8ca6c345745df8645c94bce60b388876"',
32 verbose headers   'last-modified': 'Sun, 24 Nov 2019 01:43:20 GMT',
32 verbose headers   vary: 'Accept-Encoding',
32 verbose headers   'cf-cache-status': 'HIT',
32 verbose headers   'expect-ct': 'max-age=604800, report-uri="https://report-uri.cloudflare.com/cdn-cgi/beacon/expect-ct"',
32 verbose headers   server: 'cloudflare' }
33 silly get cb [ 304,
33 silly get   { date: 'Mon, 02 Mar 2020 00:07:04 GMT',
33 silly get     connection: 'keep-alive',
33 silly get     'set-cookie':
33 silly get      [ '__cfduid=d6e38462fb229f9d1db5722ff83bb64321583107624; expires=Wed, 01-Apr-20 00:07:04 GMT; path=/; domain=.npmjs.org; HttpOnly; SameSite=Lax' ],
33 silly get     'cf-ray': '56d6e01a6811e5ab-BOG',
33 silly get     age: '46',
33 silly get     'cache-control': 'public, max-age=300',
33 silly get     etag: '"8ca6c345745df8645c94bce60b388876"',
33 silly get     'last-modified': 'Sun, 24 Nov 2019 01:43:20 GMT',
33 silly get     vary: 'Accept-Encoding',
33 silly get     'cf-cache-status': 'HIT',
33 silly get     'expect-ct': 'max-age=604800, report-uri="https://report-uri.cloudflare.com/cdn-cgi/beacon/expect-ct"',
33 silly get     server: 'cloudflare' } ]
34 verbose etag https://registry.npmjs.org/ejs from cache
35 verbose get saving ejs to /root/.npm/registry.npmjs.org/ejs/.cache.json
36 silly resolveWithNewModule ejs@1.0.0 checking installable status
37 silly cache add args [ 'ejs@^1.0.0', null ]
38 verbose cache add spec ejs@^1.0.0
39 silly cache add parsed spec Result {
39 silly cache add   raw: 'ejs@^1.0.0',
39 silly cache add   scope: null,
39 silly cache add   name: 'ejs',
39 silly cache add   rawSpec: '^1.0.0',
39 silly cache add   spec: '>=1.0.0 <2.0.0',
39 silly cache add   type: 'range' }
40 silly addNamed ejs@>=1.0.0 <2.0.0
41 verbose addNamed ">=1.0.0 <2.0.0" is a valid semver range for ejs
42 silly addNameRange { name: 'ejs', range: '>=1.0.0 <2.0.0', hasData: false }
43 silly mapToRegistry name ejs
44 silly mapToRegistry using default registry
45 silly mapToRegistry registry https://registry.npmjs.org/
46 silly mapToRegistry uri https://registry.npmjs.org/ejs
47 verbose addNameRange registry:https://registry.npmjs.org/ejs not in flight; fetching
48 verbose get https://registry.npmjs.org/ejs not expired, no request
49 silly addNameRange number 2 { name: 'ejs', range: '>=1.0.0 <2.0.0', hasData: true }
50 silly addNameRange versions [ 'ejs',
50 silly addNameRange   [ '0.0.1',
50 silly addNameRange     '0.0.2',
50 silly addNameRange     '0.0.3',
50 silly addNameRange     '0.0.4',
50 silly addNameRange     '0.1.0',
50 silly addNameRange     '0.2.0',
50 silly addNameRange     '0.2.1',
50 silly addNameRange     '0.3.0',
50 silly addNameRange     '0.3.1',
50 silly addNameRange     '0.4.0',
50 silly addNameRange     '0.4.1',
50 silly addNameRange     '0.4.2',
50 silly addNameRange     '0.4.3',
50 silly addNameRange     '0.5.0',
50 silly addNameRange     '0.6.0',
50 silly addNameRange     '0.6.1',
50 silly addNameRange     '0.7.0',
50 silly addNameRange     '0.7.1',
50 silly addNameRange     '0.7.2',
50 silly addNameRange     '0.8.0',
50 silly addNameRange     '0.8.1',
50 silly addNameRange     '0.8.2',
50 silly addNameRange     '0.8.3',
50 silly addNameRange     '0.8.4',
50 silly addNameRange     '0.8.5',
50 silly addNameRange     '0.8.6',
50 silly addNameRange     '0.8.8',
50 silly addNameRange     '1.0.0',
50 silly addNameRange     '2.0.2',
50 silly addNameRange     '2.0.3',
50 silly addNameRange     '2.0.4',
50 silly addNameRange     '2.0.5',
50 silly addNameRange     '2.0.6',
50 silly addNameRange     '2.0.7',
50 silly addNameRange     '2.0.8',
50 silly addNameRange     '2.1.1',
50 silly addNameRange     '2.1.2',
50 silly addNameRange     '2.1.3',
50 silly addNameRange     '2.1.4',
50 silly addNameRange     '2.2.1',
50 silly addNameRange     '2.2.2',
50 silly addNameRange     '2.2.3',
50 silly addNameRange     '2.2.4',
50 silly addNameRange     '2.3.1',
50 silly addNameRange     '2.3.2',
50 silly addNameRange     '2.3.3',
50 silly addNameRange     '2.3.4',
50 silly addNameRange     '2.4.1',
50 silly addNameRange     '2.4.2',
50 silly addNameRange     '2.5.1',
50 silly addNameRange     '2.5.2',
50 silly addNameRange     '2.5.3',
50 silly addNameRange     '2.5.4',
50 silly addNameRange     '2.5.5',
50 silly addNameRange     '2.5.6',
50 silly addNameRange     '2.5.7',
50 silly addNameRange     '2.5.8',
50 silly addNameRange     '2.5.9',
50 silly addNameRange     '2.6.1',
50 silly addNameRange     '2.6.2',
50 silly addNameRange     '2.7.1',
50 silly addNameRange     '2.7.2',
50 silly addNameRange     '2.7.3',
50 silly addNameRange     '2.7.4',
50 silly addNameRange     '3.0.1' ] ]
51 silly addNamed ejs@1.0.0
52 verbose addNamed "1.0.0" is a plain semver version for ejs
53 warn deprecated ejs@1.0.0: Critical security bugs fixed in 2.5.5
54 silly mapToRegistry name ejs
55 silly mapToRegistry using default registry
56 silly mapToRegistry registry https://registry.npmjs.org/
57 silly mapToRegistry uri https://registry.npmjs.org/ejs
58 verbose addRemoteTarball https://registry.npmjs.org/ejs/-/ejs-1.0.0.tgz not in flight; adding
59 verbose addRemoteTarball [ 'https://registry.npmjs.org/ejs/-/ejs-1.0.0.tgz',
59 verbose addRemoteTarball   'c9c60a48a46ee452fb32a71c317b95e5aa1fcb3d' ]
60 info retry fetch attempt 1 at 7:07:05 PM
61 info attempt registry request try #1 at 7:07:05 PM
62 http fetch GET https://registry.npmjs.org/ejs/-/ejs-1.0.0.tgz
63 http fetch 200 https://registry.npmjs.org/ejs/-/ejs-1.0.0.tgz
64 silly fetchAndShaCheck shasum c9c60a48a46ee452fb32a71c317b95e5aa1fcb3d
65 verbose addTmpTarball /tmp/npm-6198-4ec257fc/registry.npmjs.org/ejs/-/ejs-1.0.0.tgz not in flight; adding
66 verbose addTmpTarball already have metadata; skipping unpack for ejs@1.0.0
67 silly cache afterAdd ejs@1.0.0
68 verbose afterAdd /root/.npm/ejs/1.0.0/package/package.json not in flight; writing
69 verbose afterAdd /root/.npm/ejs/1.0.0/package/package.json written
70 silly fetchNamedPackageData fsevents
71 silly mapToRegistry name fsevents
72 silly mapToRegistry using default registry
73 silly mapToRegistry registry https://registry.npmjs.org/
74 silly mapToRegistry uri https://registry.npmjs.org/fsevents
75 verbose request uri https://registry.npmjs.org/fsevents
76 verbose request no auth needed
77 info attempt registry request try #1 at 7:07:05 PM
78 verbose etag W/"7485786cbc25a6c4481b015e57d2f0e9"
79 verbose lastModified Mon, 03 Feb 2020 05:44:47 GMT
80 http request GET https://registry.npmjs.org/fsevents
81 http 304 https://registry.npmjs.org/fsevents
82 verbose headers { date: 'Mon, 02 Mar 2020 00:07:04 GMT',
82 verbose headers   connection: 'keep-alive',
82 verbose headers   'set-cookie':
82 verbose headers    [ '__cfduid=d6e38462fb229f9d1db5722ff83bb64321583107624; expires=Wed, 01-Apr-20 00:07:04 GMT; path=/; domain=.npmjs.org; HttpOnly; SameSite=Lax' ],
82 verbose headers   'cf-ray': '56d6e01c2aa5e5ab-BOG',
82 verbose headers   age: '1579',
82 verbose headers   'cache-control': 'public, max-age=300',
82 verbose headers   etag: '"7485786cbc25a6c4481b015e57d2f0e9"',
82 verbose headers   'last-modified': 'Mon, 03 Feb 2020 05:44:47 GMT',
82 verbose headers   vary: 'Accept-Encoding',
82 verbose headers   'cf-cache-status': 'HIT',
82 verbose headers   'expect-ct': 'max-age=604800, report-uri="https://report-uri.cloudflare.com/cdn-cgi/beacon/expect-ct"',
82 verbose headers   server: 'cloudflare' }
83 silly get cb [ 304,
83 silly get   { date: 'Mon, 02 Mar 2020 00:07:04 GMT',
83 silly get     connection: 'keep-alive',
83 silly get     'set-cookie':
83 silly get      [ '__cfduid=d6e38462fb229f9d1db5722ff83bb64321583107624; expires=Wed, 01-Apr-20 00:07:04 GMT; path=/; domain=.npmjs.org; HttpOnly; SameSite=Lax' ],
83 silly get     'cf-ray': '56d6e01c2aa5e5ab-BOG',
83 silly get     age: '1579',
83 silly get     'cache-control': 'public, max-age=300',
83 silly get     etag: '"7485786cbc25a6c4481b015e57d2f0e9"',
83 silly get     'last-modified': 'Mon, 03 Feb 2020 05:44:47 GMT',
83 silly get     vary: 'Accept-Encoding',
83 silly get     'cf-cache-status': 'HIT',
83 silly get     'expect-ct': 'max-age=604800, report-uri="https://report-uri.cloudflare.com/cdn-cgi/beacon/expect-ct"',
83 silly get     server: 'cloudflare' } ]
84 verbose etag https://registry.npmjs.org/fsevents from cache
85 verbose get saving fsevents to /root/.npm/registry.npmjs.org/fsevents/.cache.json
86 silly resolveWithNewModule fsevents@2.1.2 checking installable status
87 silly loadAllDepsIntoIdealTree Finishing
88 silly idealTree:prePrune nodejs-alejo@0.0.1
88 silly idealTree:prePrune ├── abbrev@1.1.1
88 silly idealTree:prePrune ├── accepts@1.3.7
88 silly idealTree:prePrune ├── ansi-align@2.0.0
88 silly idealTree:prePrune ├── ansi-regex@3.0.0
88 silly idealTree:prePrune ├── ansi-styles@3.2.1
88 silly idealTree:prePrune ├── anymatch@3.1.1
88 silly idealTree:prePrune ├── array-flatten@1.1.1
88 silly idealTree:prePrune ├── balanced-match@1.0.0
88 silly idealTree:prePrune ├── binary-extensions@2.0.0
88 silly idealTree:prePrune ├── body-parser@1.19.0
88 silly idealTree:prePrune ├── boxen@1.3.0
88 silly idealTree:prePrune ├── brace-expansion@1.1.11
88 silly idealTree:prePrune ├── braces@3.0.2
88 silly idealTree:prePrune ├── bytes@3.1.0
88 silly idealTree:prePrune ├── camelcase@4.1.0
88 silly idealTree:prePrune ├── capture-stack-trace@1.0.1
88 silly idealTree:prePrune ├── chalk@2.4.2
88 silly idealTree:prePrune ├── chokidar@3.3.1
88 silly idealTree:prePrune ├── ci-info@1.6.0
88 silly idealTree:prePrune ├── cli-boxes@1.0.0
88 silly idealTree:prePrune ├── color-convert@1.9.3
88 silly idealTree:prePrune ├── color-name@1.1.3
88 silly idealTree:prePrune ├── concat-map@0.0.1
88 silly idealTree:prePrune ├── configstore@3.1.2
88 silly idealTree:prePrune ├── content-disposition@0.5.3
88 silly idealTree:prePrune ├── content-type@1.0.4
88 silly idealTree:prePrune ├── cookie-signature@1.0.6
88 silly idealTree:prePrune ├── cookie@0.4.0
88 silly idealTree:prePrune ├── create-error-class@3.0.2
88 silly idealTree:prePrune ├── cross-spawn@5.1.0
88 silly idealTree:prePrune ├── crypto-random-string@1.0.0
88 silly idealTree:prePrune ├── debug@2.6.9
88 silly idealTree:prePrune ├── deep-extend@0.6.0
88 silly idealTree:prePrune ├── depd@1.1.2
88 silly idealTree:prePrune ├── destroy@1.0.4
88 silly idealTree:prePrune ├── dot-prop@4.2.0
88 silly idealTree:prePrune ├── duplexer3@0.1.4
88 silly idealTree:prePrune ├── ee-first@1.1.1
88 silly idealTree:prePrune ├── ejs@1.0.0
88 silly idealTree:prePrune ├── encodeurl@1.0.2
88 silly idealTree:prePrune ├── escape-html@1.0.3
88 silly idealTree:prePrune ├── escape-string-regexp@1.0.5
88 silly idealTree:prePrune ├── etag@1.8.1
88 silly idealTree:prePrune ├── execa@0.7.0
88 silly idealTree:prePrune ├── express@4.17.1
88 silly idealTree:prePrune ├── fill-range@7.0.1
88 silly idealTree:prePrune ├── finalhandler@1.1.2
88 silly idealTree:prePrune ├── forwarded@0.1.2
88 silly idealTree:prePrune ├── fresh@0.5.2
88 silly idealTree:prePrune ├── get-stream@3.0.0
88 silly idealTree:prePrune ├── glob-parent@5.1.0
88 silly idealTree:prePrune ├── global-dirs@0.1.1
88 silly idealTree:prePrune ├─┬ got@6.7.1
88 silly idealTree:prePrune │ └── safe-buffer@5.2.0
88 silly idealTree:prePrune ├── graceful-fs@4.2.3
88 silly idealTree:prePrune ├── has-flag@3.0.0
88 silly idealTree:prePrune ├── http-errors@1.7.2
88 silly idealTree:prePrune ├── iconv-lite@0.4.24
88 silly idealTree:prePrune ├── ignore-by-default@1.0.1
88 silly idealTree:prePrune ├── import-lazy@2.1.0
88 silly idealTree:prePrune ├── imurmurhash@0.1.4
88 silly idealTree:prePrune ├── inherits@2.0.3
88 silly idealTree:prePrune ├── ini@1.3.5
88 silly idealTree:prePrune ├── ipaddr.js@1.9.1
88 silly idealTree:prePrune ├── is-binary-path@2.1.0
88 silly idealTree:prePrune ├── is-ci@1.2.1
88 silly idealTree:prePrune ├── is-extglob@2.1.1
88 silly idealTree:prePrune ├── is-fullwidth-code-point@2.0.0
88 silly idealTree:prePrune ├── is-glob@4.0.1
88 silly idealTree:prePrune ├── is-installed-globally@0.1.0
88 silly idealTree:prePrune ├── is-npm@1.0.0
88 silly idealTree:prePrune ├── is-number@7.0.0
88 silly idealTree:prePrune ├── is-obj@1.0.1
88 silly idealTree:prePrune ├── is-path-inside@1.0.1
88 silly idealTree:prePrune ├── is-redirect@1.0.0
88 silly idealTree:prePrune ├── is-retry-allowed@1.2.0
88 silly idealTree:prePrune ├── is-stream@1.1.0
88 silly idealTree:prePrune ├── isexe@2.0.0
88 silly idealTree:prePrune ├── latest-version@3.1.0
88 silly idealTree:prePrune ├── lowercase-keys@1.0.1
88 silly idealTree:prePrune ├── lru-cache@4.1.5
88 silly idealTree:prePrune ├── make-dir@1.3.0
88 silly idealTree:prePrune ├── media-typer@0.3.0
88 silly idealTree:prePrune ├── merge-descriptors@1.0.1
88 silly idealTree:prePrune ├── methods@1.1.2
88 silly idealTree:prePrune ├── mime-db@1.43.0
88 silly idealTree:prePrune ├── mime-types@2.1.26
88 silly idealTree:prePrune ├── mime@1.6.0
88 silly idealTree:prePrune ├── minimatch@3.0.4
88 silly idealTree:prePrune ├── minimist@1.2.0
88 silly idealTree:prePrune ├── ms@2.0.0
88 silly idealTree:prePrune ├── negotiator@0.6.2
88 silly idealTree:prePrune ├─┬ nodemon@2.0.2
88 silly idealTree:prePrune │ ├── debug@3.2.6
88 silly idealTree:prePrune │ └── ms@2.1.2
88 silly idealTree:prePrune ├── nopt@1.0.10
88 silly idealTree:prePrune ├── normalize-path@3.0.0
88 silly idealTree:prePrune ├── npm-run-path@2.0.2
88 silly idealTree:prePrune ├── on-finished@2.3.0
88 silly idealTree:prePrune ├── p-finally@1.0.0
88 silly idealTree:prePrune ├── package-json@4.0.1
88 silly idealTree:prePrune ├── parseurl@1.3.3
88 silly idealTree:prePrune ├── path-is-inside@1.0.2
88 silly idealTree:prePrune ├── path-key@2.0.1
88 silly idealTree:prePrune ├── path-to-regexp@0.1.7
88 silly idealTree:prePrune ├── picomatch@2.2.1
88 silly idealTree:prePrune ├── pify@3.0.0
88 silly idealTree:prePrune ├── prepend-http@1.0.4
88 silly idealTree:prePrune ├── proxy-addr@2.0.6
88 silly idealTree:prePrune ├── pseudomap@1.0.2
88 silly idealTree:prePrune ├── pstree.remy@1.1.7
88 silly idealTree:prePrune ├── qs@6.7.0
88 silly idealTree:prePrune ├── range-parser@1.2.1
88 silly idealTree:prePrune ├── raw-body@2.4.0
88 silly idealTree:prePrune ├── rc@1.2.8
88 silly idealTree:prePrune ├── readdirp@3.3.0
88 silly idealTree:prePrune ├─┬ registry-auth-token@3.4.0
88 silly idealTree:prePrune │ └── safe-buffer@5.2.0
88 silly idealTree:prePrune ├── registry-url@3.1.0
88 silly idealTree:prePrune ├── safe-buffer@5.1.2
88 silly idealTree:prePrune ├── safer-buffer@2.1.2
88 silly idealTree:prePrune ├── semver-diff@2.1.0
88 silly idealTree:prePrune ├── semver@5.7.1
88 silly idealTree:prePrune ├─┬ send@0.17.1
88 silly idealTree:prePrune │ ├── http-errors@1.7.3
88 silly idealTree:prePrune │ ├── inherits@2.0.4
88 silly idealTree:prePrune │ └── ms@2.1.1
88 silly idealTree:prePrune ├── serve-static@1.14.1
88 silly idealTree:prePrune ├── setprototypeof@1.1.1
88 silly idealTree:prePrune ├── shebang-command@1.2.0
88 silly idealTree:prePrune ├── shebang-regex@1.0.0
88 silly idealTree:prePrune ├── signal-exit@3.0.2
88 silly idealTree:prePrune ├── statuses@1.5.0
88 silly idealTree:prePrune ├── string-width@2.1.1
88 silly idealTree:prePrune ├── strip-ansi@4.0.0
88 silly idealTree:prePrune ├── strip-eof@1.0.0
88 silly idealTree:prePrune ├── strip-json-comments@2.0.1
88 silly idealTree:prePrune ├── supports-color@5.5.0
88 silly idealTree:prePrune ├── term-size@1.2.0
88 silly idealTree:prePrune ├── timed-out@4.0.1
88 silly idealTree:prePrune ├── to-regex-range@5.0.1
88 silly idealTree:prePrune ├── toidentifier@1.0.0
88 silly idealTree:prePrune ├── touch@3.1.0
88 silly idealTree:prePrune ├── type-is@1.6.18
88 silly idealTree:prePrune ├── undefsafe@2.0.3
88 silly idealTree:prePrune ├── unique-string@1.0.0
88 silly idealTree:prePrune ├── unpipe@1.0.0
88 silly idealTree:prePrune ├── unzip-response@2.0.1
88 silly idealTree:prePrune ├── update-notifier@2.5.0
88 silly idealTree:prePrune ├── url-parse-lax@1.0.0
88 silly idealTree:prePrune ├── utils-merge@1.0.1
88 silly idealTree:prePrune ├── vary@1.1.2
88 silly idealTree:prePrune ├── which@1.3.1
88 silly idealTree:prePrune ├── widest-line@2.0.1
88 silly idealTree:prePrune ├── write-file-atomic@2.4.3
88 silly idealTree:prePrune ├── xdg-basedir@3.0.0
88 silly idealTree:prePrune └── yallist@2.1.2
89 silly loadIdealTree Finishing
90 silly currentTree nodejs-alejo@0.0.1
90 silly currentTree ├── abbrev@1.1.1
90 silly currentTree ├── accepts@1.3.7
90 silly currentTree ├── ansi-align@2.0.0
90 silly currentTree ├── ansi-regex@3.0.0
90 silly currentTree ├── ansi-styles@3.2.1
90 silly currentTree ├── anymatch@3.1.1
90 silly currentTree ├── array-flatten@1.1.1
90 silly currentTree ├── balanced-match@1.0.0
90 silly currentTree ├── binary-extensions@2.0.0
90 silly currentTree ├── body-parser@1.19.0
90 silly currentTree ├── boxen@1.3.0
90 silly currentTree ├── brace-expansion@1.1.11
90 silly currentTree ├── braces@3.0.2
90 silly currentTree ├── bytes@3.1.0
90 silly currentTree ├── camelcase@4.1.0
90 silly currentTree ├── capture-stack-trace@1.0.1
90 silly currentTree ├── chalk@2.4.2
90 silly currentTree ├── chokidar@3.3.1
90 silly currentTree ├── ci-info@1.6.0
90 silly currentTree ├── cli-boxes@1.0.0
90 silly currentTree ├── color-convert@1.9.3
90 silly currentTree ├── color-name@1.1.3
90 silly currentTree ├── concat-map@0.0.1
90 silly currentTree ├── configstore@3.1.2
90 silly currentTree ├── content-disposition@0.5.3
90 silly currentTree ├── content-type@1.0.4
90 silly currentTree ├── cookie-signature@1.0.6
90 silly currentTree ├── cookie@0.4.0
90 silly currentTree ├── create-error-class@3.0.2
90 silly currentTree ├── cross-spawn@5.1.0
90 silly currentTree ├── crypto-random-string@1.0.0
90 silly currentTree ├── debug@2.6.9
90 silly currentTree ├── deep-extend@0.6.0
90 silly currentTree ├── depd@1.1.2
90 silly currentTree ├── destroy@1.0.4
90 silly currentTree ├── dot-prop@4.2.0
90 silly currentTree ├── duplexer3@0.1.4
90 silly currentTree ├── ee-first@1.1.1
90 silly currentTree ├── ejs@3.0.1
90 silly currentTree ├── encodeurl@1.0.2
90 silly currentTree ├── escape-html@1.0.3
90 silly currentTree ├── escape-string-regexp@1.0.5
90 silly currentTree ├── etag@1.8.1
90 silly currentTree ├── execa@0.7.0
90 silly currentTree ├── express@4.17.1
90 silly currentTree ├── fill-range@7.0.1
90 silly currentTree ├── finalhandler@1.1.2
90 silly currentTree ├── forwarded@0.1.2
90 silly currentTree ├── fresh@0.5.2
90 silly currentTree ├── get-stream@3.0.0
90 silly currentTree ├── glob-parent@5.1.0
90 silly currentTree ├── global-dirs@0.1.1
90 silly currentTree ├─┬ got@6.7.1
90 silly currentTree │ └── safe-buffer@5.2.0
90 silly currentTree ├── graceful-fs@4.2.3
90 silly currentTree ├── has-flag@3.0.0
90 silly currentTree ├── http-errors@1.7.2
90 silly currentTree ├── iconv-lite@0.4.24
90 silly currentTree ├── ignore-by-default@1.0.1
90 silly currentTree ├── import-lazy@2.1.0
90 silly currentTree ├── imurmurhash@0.1.4
90 silly currentTree ├── inherits@2.0.3
90 silly currentTree ├── ini@1.3.5
90 silly currentTree ├── ipaddr.js@1.9.1
90 silly currentTree ├── is-binary-path@2.1.0
90 silly currentTree ├── is-ci@1.2.1
90 silly currentTree ├── is-extglob@2.1.1
90 silly currentTree ├── is-fullwidth-code-point@2.0.0
90 silly currentTree ├── is-glob@4.0.1
90 silly currentTree ├── is-installed-globally@0.1.0
90 silly currentTree ├── is-npm@1.0.0
90 silly currentTree ├── is-number@7.0.0
90 silly currentTree ├── is-obj@1.0.1
90 silly currentTree ├── is-path-inside@1.0.1
90 silly currentTree ├── is-redirect@1.0.0
90 silly currentTree ├── is-retry-allowed@1.2.0
90 silly currentTree ├── is-stream@1.1.0
90 silly currentTree ├── isexe@2.0.0
90 silly currentTree ├── latest-version@3.1.0
90 silly currentTree ├── lowercase-keys@1.0.1
90 silly currentTree ├── lru-cache@4.1.5
90 silly currentTree ├── make-dir@1.3.0
90 silly currentTree ├── media-typer@0.3.0
90 silly currentTree ├── merge-descriptors@1.0.1
90 silly currentTree ├── methods@1.1.2
90 silly currentTree ├── mime-db@1.43.0
90 silly currentTree ├── mime-types@2.1.26
90 silly currentTree ├── mime@1.6.0
90 silly currentTree ├── minimatch@3.0.4
90 silly currentTree ├── minimist@1.2.0
90 silly currentTree ├── ms@2.0.0
90 silly currentTree ├── negotiator@0.6.2
90 silly currentTree ├─┬ nodemon@2.0.2
90 silly currentTree │ ├── debug@3.2.6
90 silly currentTree │ └── ms@2.1.2
90 silly currentTree ├── nopt@1.0.10
90 silly currentTree ├── normalize-path@3.0.0
90 silly currentTree ├── npm-run-path@2.0.2
90 silly currentTree ├── on-finished@2.3.0
90 silly currentTree ├── p-finally@1.0.0
90 silly currentTree ├── package-json@4.0.1
90 silly currentTree ├── parseurl@1.3.3
90 silly currentTree ├── path-is-inside@1.0.2
90 silly currentTree ├── path-key@2.0.1
90 silly currentTree ├── path-to-regexp@0.1.7
90 silly currentTree ├── picomatch@2.2.1
90 silly currentTree ├── pify@3.0.0
90 silly currentTree ├── prepend-http@1.0.4
90 silly currentTree ├── proxy-addr@2.0.6
90 silly currentTree ├── pseudomap@1.0.2
90 silly currentTree ├── pstree.remy@1.1.7
90 silly currentTree ├── qs@6.7.0
90 silly currentTree ├── range-parser@1.2.1
90 silly currentTree ├── raw-body@2.4.0
90 silly currentTree ├── rc@1.2.8
90 silly currentTree ├── readdirp@3.3.0
90 silly currentTree ├─┬ registry-auth-token@3.4.0
90 silly currentTree │ └── safe-buffer@5.2.0
90 silly currentTree ├── registry-url@3.1.0
90 silly currentTree ├── safe-buffer@5.1.2
90 silly currentTree ├── safer-buffer@2.1.2
90 silly currentTree ├── semver-diff@2.1.0
90 silly currentTree ├── semver@5.7.1
90 silly currentTree ├─┬ send@0.17.1
90 silly currentTree │ ├── http-errors@1.7.3
90 silly currentTree │ ├── inherits@2.0.4
90 silly currentTree │ └── ms@2.1.1
90 silly currentTree ├── serve-static@1.14.1
90 silly currentTree ├── setprototypeof@1.1.1
90 silly currentTree ├── shebang-command@1.2.0
90 silly currentTree ├── shebang-regex@1.0.0
90 silly currentTree ├── signal-exit@3.0.2
90 silly currentTree ├── statuses@1.5.0
90 silly currentTree ├── string-width@2.1.1
90 silly currentTree ├── strip-ansi@4.0.0
90 silly currentTree ├── strip-eof@1.0.0
90 silly currentTree ├── strip-json-comments@2.0.1
90 silly currentTree ├── supports-color@5.5.0
90 silly currentTree ├── term-size@1.2.0
90 silly currentTree ├── timed-out@4.0.1
90 silly currentTree ├── to-regex-range@5.0.1
90 silly currentTree ├── toidentifier@1.0.0
90 silly currentTree ├── touch@3.1.0
90 silly currentTree ├── type-is@1.6.18
90 silly currentTree ├── undefsafe@2.0.3
90 silly currentTree ├── unique-string@1.0.0
90 silly currentTree ├── unpipe@1.0.0
90 silly currentTree ├── unzip-response@2.0.1
90 silly currentTree ├── update-notifier@2.5.0
90 silly currentTree ├── url-parse-lax@1.0.0
90 silly currentTree ├── utils-merge@1.0.1
90 silly currentTree ├── vary@1.1.2
90 silly currentTree ├── which@1.3.1
90 silly currentTree ├── widest-line@2.0.1
90 silly currentTree ├── write-file-atomic@2.4.3
90 silly currentTree ├── xdg-basedir@3.0.0
90 silly currentTree └── yallist@2.1.2
91 silly idealTree nodejs-alejo@0.0.1
91 silly idealTree ├── abbrev@1.1.1
91 silly idealTree ├── accepts@1.3.7
91 silly idealTree ├── ansi-align@2.0.0
91 silly idealTree ├── ansi-regex@3.0.0
91 silly idealTree ├── ansi-styles@3.2.1
91 silly idealTree ├── anymatch@3.1.1
91 silly idealTree ├── array-flatten@1.1.1
91 silly idealTree ├── balanced-match@1.0.0
91 silly idealTree ├── binary-extensions@2.0.0
91 silly idealTree ├── body-parser@1.19.0
91 silly idealTree ├── boxen@1.3.0
91 silly idealTree ├── brace-expansion@1.1.11
91 silly idealTree ├── braces@3.0.2
91 silly idealTree ├── bytes@3.1.0
91 silly idealTree ├── camelcase@4.1.0
91 silly idealTree ├── capture-stack-trace@1.0.1
91 silly idealTree ├── chalk@2.4.2
91 silly idealTree ├── chokidar@3.3.1
91 silly idealTree ├── ci-info@1.6.0
91 silly idealTree ├── cli-boxes@1.0.0
91 silly idealTree ├── color-convert@1.9.3
91 silly idealTree ├── color-name@1.1.3
91 silly idealTree ├── concat-map@0.0.1
91 silly idealTree ├── configstore@3.1.2
91 silly idealTree ├── content-disposition@0.5.3
91 silly idealTree ├── content-type@1.0.4
91 silly idealTree ├── cookie-signature@1.0.6
91 silly idealTree ├── cookie@0.4.0
91 silly idealTree ├── create-error-class@3.0.2
91 silly idealTree ├── cross-spawn@5.1.0
91 silly idealTree ├── crypto-random-string@1.0.0
91 silly idealTree ├── debug@2.6.9
91 silly idealTree ├── deep-extend@0.6.0
91 silly idealTree ├── depd@1.1.2
91 silly idealTree ├── destroy@1.0.4
91 silly idealTree ├── dot-prop@4.2.0
91 silly idealTree ├── duplexer3@0.1.4
91 silly idealTree ├── ee-first@1.1.1
91 silly idealTree ├── ejs@1.0.0
91 silly idealTree ├── encodeurl@1.0.2
91 silly idealTree ├── escape-html@1.0.3
91 silly idealTree ├── escape-string-regexp@1.0.5
91 silly idealTree ├── etag@1.8.1
91 silly idealTree ├── execa@0.7.0
91 silly idealTree ├── express@4.17.1
91 silly idealTree ├── fill-range@7.0.1
91 silly idealTree ├── finalhandler@1.1.2
91 silly idealTree ├── forwarded@0.1.2
91 silly idealTree ├── fresh@0.5.2
91 silly idealTree ├── get-stream@3.0.0
91 silly idealTree ├── glob-parent@5.1.0
91 silly idealTree ├── global-dirs@0.1.1
91 silly idealTree ├─┬ got@6.7.1
91 silly idealTree │ └── safe-buffer@5.2.0
91 silly idealTree ├── graceful-fs@4.2.3
91 silly idealTree ├── has-flag@3.0.0
91 silly idealTree ├── http-errors@1.7.2
91 silly idealTree ├── iconv-lite@0.4.24
91 silly idealTree ├── ignore-by-default@1.0.1
91 silly idealTree ├── import-lazy@2.1.0
91 silly idealTree ├── imurmurhash@0.1.4
91 silly idealTree ├── inherits@2.0.3
91 silly idealTree ├── ini@1.3.5
91 silly idealTree ├── ipaddr.js@1.9.1
91 silly idealTree ├── is-binary-path@2.1.0
91 silly idealTree ├── is-ci@1.2.1
91 silly idealTree ├── is-extglob@2.1.1
91 silly idealTree ├── is-fullwidth-code-point@2.0.0
91 silly idealTree ├── is-glob@4.0.1
91 silly idealTree ├── is-installed-globally@0.1.0
91 silly idealTree ├── is-npm@1.0.0
91 silly idealTree ├── is-number@7.0.0
91 silly idealTree ├── is-obj@1.0.1
91 silly idealTree ├── is-path-inside@1.0.1
91 silly idealTree ├── is-redirect@1.0.0
91 silly idealTree ├── is-retry-allowed@1.2.0
91 silly idealTree ├── is-stream@1.1.0
91 silly idealTree ├── isexe@2.0.0
91 silly idealTree ├── latest-version@3.1.0
91 silly idealTree ├── lowercase-keys@1.0.1
91 silly idealTree ├── lru-cache@4.1.5
91 silly idealTree ├── make-dir@1.3.0
91 silly idealTree ├── media-typer@0.3.0
91 silly idealTree ├── merge-descriptors@1.0.1
91 silly idealTree ├── methods@1.1.2
91 silly idealTree ├── mime-db@1.43.0
91 silly idealTree ├── mime-types@2.1.26
91 silly idealTree ├── mime@1.6.0
91 silly idealTree ├── minimatch@3.0.4
91 silly idealTree ├── minimist@1.2.0
91 silly idealTree ├── ms@2.0.0
91 silly idealTree ├── negotiator@0.6.2
91 silly idealTree ├─┬ nodemon@2.0.2
91 silly idealTree │ ├── debug@3.2.6
91 silly idealTree │ └── ms@2.1.2
91 silly idealTree ├── nopt@1.0.10
91 silly idealTree ├── normalize-path@3.0.0
91 silly idealTree ├── npm-run-path@2.0.2
91 silly idealTree ├── on-finished@2.3.0
91 silly idealTree ├── p-finally@1.0.0
91 silly idealTree ├── package-json@4.0.1
91 silly idealTree ├── parseurl@1.3.3
91 silly idealTree ├── path-is-inside@1.0.2
91 silly idealTree ├── path-key@2.0.1
91 silly idealTree ├── path-to-regexp@0.1.7
91 silly idealTree ├── picomatch@2.2.1
91 silly idealTree ├── pify@3.0.0
91 silly idealTree ├── prepend-http@1.0.4
91 silly idealTree ├── proxy-addr@2.0.6
91 silly idealTree ├── pseudomap@1.0.2
91 silly idealTree ├── pstree.remy@1.1.7
91 silly idealTree ├── qs@6.7.0
91 silly idealTree ├── range-parser@1.2.1
91 silly idealTree ├── raw-body@2.4.0
91 silly idealTree ├── rc@1.2.8
91 silly idealTree ├── readdirp@3.3.0
91 silly idealTree ├─┬ registry-auth-token@3.4.0
91 silly idealTree │ └── safe-buffer@5.2.0
91 silly idealTree ├── registry-url@3.1.0
91 silly idealTree ├── safe-buffer@5.1.2
91 silly idealTree ├── safer-buffer@2.1.2
91 silly idealTree ├── semver-diff@2.1.0
91 silly idealTree ├── semver@5.7.1
91 silly idealTree ├─┬ send@0.17.1
91 silly idealTree │ ├── http-errors@1.7.3
91 silly idealTree │ ├── inherits@2.0.4
91 silly idealTree │ └── ms@2.1.1
91 silly idealTree ├── serve-static@1.14.1
91 silly idealTree ├── setprototypeof@1.1.1
91 silly idealTree ├── shebang-command@1.2.0
91 silly idealTree ├── shebang-regex@1.0.0
91 silly idealTree ├── signal-exit@3.0.2
91 silly idealTree ├── statuses@1.5.0
91 silly idealTree ├── string-width@2.1.1
91 silly idealTree ├── strip-ansi@4.0.0
91 silly idealTree ├── strip-eof@1.0.0
91 silly idealTree ├── strip-json-comments@2.0.1
91 silly idealTree ├── supports-color@5.5.0
91 silly idealTree ├── term-size@1.2.0
91 silly idealTree ├── timed-out@4.0.1
91 silly idealTree ├── to-regex-range@5.0.1
91 silly idealTree ├── toidentifier@1.0.0
91 silly idealTree ├── touch@3.1.0
91 silly idealTree ├── type-is@1.6.18
91 silly idealTree ├── undefsafe@2.0.3
91 silly idealTree ├── unique-string@1.0.0
91 silly idealTree ├── unpipe@1.0.0
91 silly idealTree ├── unzip-response@2.0.1
91 silly idealTree ├── update-notifier@2.5.0
91 silly idealTree ├── url-parse-lax@1.0.0
91 silly idealTree ├── utils-merge@1.0.1
91 silly idealTree ├── vary@1.1.2
91 silly idealTree ├── which@1.3.1
91 silly idealTree ├── widest-line@2.0.1
91 silly idealTree ├── write-file-atomic@2.4.3
91 silly idealTree ├── xdg-basedir@3.0.0
91 silly idealTree └── yallist@2.1.2
92 silly generateActionsToTake Starting
93 silly install generateActionsToTake
94 silly generateActionsToTake Finishing
95 silly diffTrees action count 1
96 silly diffTrees update ejs@1.0.0
97 silly decomposeActions action count 8
98 silly decomposeActions fetch ejs@1.0.0
99 silly decomposeActions extract ejs@1.0.0
100 silly decomposeActions test ejs@1.0.0
101 silly decomposeActions preinstall ejs@1.0.0
102 silly decomposeActions build ejs@1.0.0
103 silly decomposeActions install ejs@1.0.0
104 silly decomposeActions postinstall ejs@1.0.0
105 silly decomposeActions finalize ejs@1.0.0
106 silly executeActions Starting
107 silly install executeActions
108 silly doSerial global-install 0
109 silly doParallel fetch 1
110 verbose lock using /root/.npm/_locks/staging-0483765b37f1d406.lock for /mnt/d/MakeItReal/nodejs-practicing/node_modules/.staging
111 silly doParallel extract 1
112 silly extract ejs@1.0.0
113 verbose unbuild node_modules/.staging/ejs-18101a50
114 silly gentlyRm /mnt/d/MakeItReal/nodejs-practicing/node_modules/.staging/ejs-18101a50 is being purged from base /mnt/d/MakeItReal/nodejs-practicing
115 verbose gentlyRm don't care about contents; nuking /mnt/d/MakeItReal/nodejs-practicing/node_modules/.staging/ejs-18101a50
116 verbose tar unpack /root/.npm/ejs/1.0.0/package.tgz
117 verbose tar unpacking to /mnt/d/MakeItReal/nodejs-practicing/node_modules/.staging/ejs-18101a50
118 silly gentlyRm /mnt/d/MakeItReal/nodejs-practicing/node_modules/.staging/ejs-18101a50 is being purged
119 verbose gentlyRm don't care about contents; nuking /mnt/d/MakeItReal/nodejs-practicing/node_modules/.staging/ejs-18101a50
120 silly gunzTarPerm modes [ '777', '666' ]
121 silly gunzTarPerm extractEntry package.json
122 silly gunzTarPerm modified mode [ 'package.json', 420, 438 ]
123 silly gunzTarPerm extractEntry .npmignore
124 silly gunzTarPerm modified mode [ '.npmignore', 420, 438 ]
125 silly gunzTarPerm extractEntry ejs.js
126 silly gunzTarPerm modified mode [ 'ejs.js', 420, 438 ]
127 silly gunzTarPerm extractEntry benchmark.js
128 silly gunzTarPerm modified mode [ 'benchmark.js', 420, 438 ]
129 silly gunzTarPerm extractEntry ejs.min.js
130 silly gunzTarPerm modified mode [ 'ejs.min.js', 420, 438 ]
131 silly gunzTarPerm extractEntry index.js
132 silly gunzTarPerm modified mode [ 'index.js', 420, 438 ]
133 silly gunzTarPerm extractEntry .gitmodules
134 silly gunzTarPerm modified mode [ '.gitmodules', 420, 438 ]
135 silly gunzTarPerm extractEntry .travis.yml
136 silly gunzTarPerm modified mode [ '.travis.yml', 420, 438 ]
137 silly gunzTarPerm extractEntry History.md
138 silly gunzTarPerm modified mode [ 'History.md', 420, 438 ]
139 silly gunzTarPerm extractEntry examples/functions.js
140 silly gunzTarPerm modified mode [ 'examples/functions.js', 420, 438 ]
141 silly gunzTarPerm extractEntry examples/list.js
142 silly gunzTarPerm modified mode [ 'examples/list.js', 420, 438 ]
143 silly gunzTarPerm extractEntry examples/client.html
144 silly gunzTarPerm modified mode [ 'examples/client.html', 420, 438 ]
145 silly gunzTarPerm extractEntry examples/functions.ejs
146 silly gunzTarPerm modified mode [ 'examples/functions.ejs', 420, 438 ]
147 silly gunzTarPerm extractEntry examples/list.ejs
148 silly gunzTarPerm modified mode [ 'examples/list.ejs', 420, 438 ]
149 silly gunzTarPerm extractEntry Makefile
150 silly gunzTarPerm modified mode [ 'Makefile', 420, 438 ]
151 silly gunzTarPerm extractEntry lib/ejs.js
152 silly gunzTarPerm modified mode [ 'lib/ejs.js', 420, 438 ]
153 silly gunzTarPerm extractEntry lib/filters.js
154 silly gunzTarPerm modified mode [ 'lib/filters.js', 420, 438 ]
155 silly gunzTarPerm extractEntry lib/utils.js
156 silly gunzTarPerm modified mode [ 'lib/utils.js', 420, 438 ]
157 silly gunzTarPerm extractEntry Readme.md
158 silly gunzTarPerm modified mode [ 'Readme.md', 420, 438 ]
159 silly gunzTarPerm extractEntry support/compile.js
160 silly gunzTarPerm modified mode [ 'support/compile.js', 420, 438 ]
161 silly gunzTarPerm extractEntry test/ejs.js
162 silly gunzTarPerm modified mode [ 'test/ejs.js', 420, 438 ]
163 silly gunzTarPerm extractEntry test/fixtures/menu.ejs
164 silly gunzTarPerm modified mode [ 'test/fixtures/menu.ejs', 420, 438 ]
165 silly gunzTarPerm extractEntry test/fixtures/backslash.ejs
166 silly gunzTarPerm modified mode [ 'test/fixtures/backslash.ejs', 420, 438 ]
167 silly gunzTarPerm extractEntry test/fixtures/comments.ejs
168 silly gunzTarPerm modified mode [ 'test/fixtures/comments.ejs', 420, 438 ]
169 silly gunzTarPerm extractEntry test/fixtures/comments.html
170 silly gunzTarPerm modified mode [ 'test/fixtures/comments.html', 420, 438 ]
171 silly gunzTarPerm extractEntry test/fixtures/double-quote.ejs
172 silly gunzTarPerm modified mode [ 'test/fixtures/double-quote.ejs', 420, 438 ]
173 silly gunzTarPerm extractEntry test/fixtures/double-quote.html
174 silly gunzTarPerm modified mode [ 'test/fixtures/double-quote.html', 420, 438 ]
175 silly gunzTarPerm extractEntry test/fixtures/error.ejs
176 silly gunzTarPerm modified mode [ 'test/fixtures/error.ejs', 420, 438 ]
177 silly gunzTarPerm extractEntry test/fixtures/error.out
178 silly gunzTarPerm modified mode [ 'test/fixtures/error.out', 420, 438 ]
179 silly gunzTarPerm extractEntry test/fixtures/fail.ejs
180 silly gunzTarPerm modified mode [ 'test/fixtures/fail.ejs', 420, 438 ]
181 silly gunzTarPerm extractEntry test/fixtures/include.css.ejs
182 silly gunzTarPerm modified mode [ 'test/fixtures/include.css.ejs', 420, 438 ]
183 silly gunzTarPerm extractEntry test/fixtures/include.css.html
184 silly gunzTarPerm modified mode [ 'test/fixtures/include.css.html', 420, 438 ]
185 silly gunzTarPerm extractEntry test/fixtures/include.ejs
186 silly gunzTarPerm modified mode [ 'test/fixtures/include.ejs', 420, 438 ]
187 silly gunzTarPerm extractEntry test/fixtures/include.html
188 silly gunzTarPerm modified mode [ 'test/fixtures/include.html', 420, 438 ]
189 silly gunzTarPerm extractEntry test/fixtures/includes/menu/item.ejs
190 silly gunzTarPerm modified mode [ 'test/fixtures/includes/menu/item.ejs', 420, 438 ]
191 silly gunzTarPerm extractEntry test/fixtures/includes/menu-item.ejs
192 silly gunzTarPerm modified mode [ 'test/fixtures/includes/menu-item.ejs', 420, 438 ]
193 silly gunzTarPerm extractEntry test/fixtures/backslash.html
194 silly gunzTarPerm modified mode [ 'test/fixtures/backslash.html', 420, 438 ]
195 silly gunzTarPerm extractEntry test/fixtures/menu.html
196 silly gunzTarPerm modified mode [ 'test/fixtures/menu.html', 420, 438 ]
197 silly gunzTarPerm extractEntry test/fixtures/messed.ejs
198 silly gunzTarPerm modified mode [ 'test/fixtures/messed.ejs', 420, 438 ]
199 silly gunzTarPerm extractEntry test/fixtures/messed.html
200 silly gunzTarPerm modified mode [ 'test/fixtures/messed.html', 420, 438 ]
201 silly gunzTarPerm extractEntry test/fixtures/newlines.ejs
202 silly gunzTarPerm modified mode [ 'test/fixtures/newlines.ejs', 420, 438 ]
203 silly gunzTarPerm extractEntry test/fixtures/newlines.html
204 silly gunzTarPerm modified mode [ 'test/fixtures/newlines.html', 420, 438 ]
205 silly gunzTarPerm extractEntry test/fixtures/no.newlines.ejs
206 silly gunzTarPerm modified mode [ 'test/fixtures/no.newlines.ejs', 420, 438 ]
207 silly gunzTarPerm extractEntry test/fixtures/no.newlines.html
208 silly gunzTarPerm modified mode [ 'test/fixtures/no.newlines.html', 420, 438 ]
209 silly gunzTarPerm extractEntry test/fixtures/para.ejs
210 silly gunzTarPerm modified mode [ 'test/fixtures/para.ejs', 420, 438 ]
211 silly gunzTarPerm extractEntry test/fixtures/pet.ejs
212 silly gunzTarPerm modified mode [ 'test/fixtures/pet.ejs', 420, 438 ]
213 silly gunzTarPerm extractEntry test/fixtures/single-quote.ejs
214 silly gunzTarPerm modified mode [ 'test/fixtures/single-quote.ejs', 420, 438 ]
215 silly gunzTarPerm extractEntry test/fixtures/single-quote.html
216 silly gunzTarPerm modified mode [ 'test/fixtures/single-quote.html', 420, 438 ]
217 silly gunzTarPerm extractEntry test/fixtures/style.css
218 silly gunzTarPerm modified mode [ 'test/fixtures/style.css', 420, 438 ]
219 silly gunzTarPerm extractEntry test/fixtures/user.ejs
220 silly gunzTarPerm modified mode [ 'test/fixtures/user.ejs', 420, 438 ]
221 silly gentlyRm /mnt/d/MakeItReal/nodejs-practicing/node_modules/.staging/ejs-18101a50/node_modules is being purged
222 verbose gentlyRm don't care about contents; nuking /mnt/d/MakeItReal/nodejs-practicing/node_modules/.staging/ejs-18101a50/node_modules
223 silly doParallel preinstall 1
224 silly preinstall ejs@1.0.0 /mnt/d/MakeItReal/nodejs-practicing/node_modules/.staging/ejs-18101a50
225 info lifecycle ejs@1.0.0~preinstall: ejs@1.0.0
226 silly lifecycle ejs@1.0.0~preinstall: no script for preinstall, continuing
227 silly doReverseSerial remove 0
228 silly doSerial move 0
229 silly doSerial finalize 1
230 silly finalize /mnt/d/MakeItReal/nodejs-practicing/node_modules/ejs
231 verbose unlock done using /root/.npm/_locks/staging-0483765b37f1d406.lock for /mnt/d/MakeItReal/nodejs-practicing/node_modules/.staging
232 silly rollbackFailedOptional Starting
233 silly rollbackFailedOptional Finishing
234 silly runTopLevelLifecycles Starting
235 silly runTopLevelLifecycles Finishing
236 silly install printInstalled
237 warn optional Skipping failed optional dependency /chokidar/fsevents:
238 warn notsup Not compatible with your operating system or architecture: fsevents@2.1.2
239 verbose stack Error: EACCES: permission denied, rename '/mnt/d/MakeItReal/nodejs-practicing/node_modules/ejs' -> '/mnt/d/MakeItReal/nodejs-practicing/node_modules/.ejs.DELETE'
239 verbose stack     at moveAway (/usr/share/npm/lib/install/action/finalize.js:38:5)
239 verbose stack     at destStatted (/usr/share/npm/lib/install/action/finalize.js:27:7)
239 verbose stack     at FSReqWrap.oncomplete (fs.js:153:5)
239 verbose stack
239 verbose stack Error: EACCES: permission denied, rename '/mnt/d/MakeItReal/nodejs-practicing/node_modules/ejs' -> '/mnt/d/MakeItReal/nodejs-practicing/node_modules/.ejs.DELETE'
240 verbose cwd /mnt/d/MakeItReal/nodejs-practicing/views
241 error Linux 4.4.0-18362-Microsoft
242 error argv "/usr/bin/node" "/usr/bin/npm" "install"
243 error node v8.10.0
244 error npm  v3.5.2
245 error path /mnt/d/MakeItReal/nodejs-practicing/node_modules/ejs
246 error code EACCES
247 error errno -13
248 error syscall rename
249 error Error: EACCES: permission denied, rename '/mnt/d/MakeItReal/nodejs-practicing/node_modules/ejs' -> '/mnt/d/MakeItReal/nodejs-practicing/node_modules/.ejs.DELETE'
249 error     at moveAway (/usr/share/npm/lib/install/action/finalize.js:38:5)
249 error     at destStatted (/usr/share/npm/lib/install/action/finalize.js:27:7)
249 error     at FSReqWrap.oncomplete (fs.js:153:5)
249 error
249 error Error: EACCES: permission denied, rename '/mnt/d/MakeItReal/nodejs-practicing/node_modules/ejs' -> '/mnt/d/MakeItReal/nodejs-practicing/node_modules/.ejs.DELETE'
249 error  { Error: EACCES: permission denied, rename '/mnt/d/MakeItReal/nodejs-practicing/node_modules/ejs' -> '/mnt/d/MakeItReal/nodejs-practicing/node_modules/.ejs.DELETE'
249 error     at moveAway (/usr/share/npm/lib/install/action/finalize.js:38:5)
249 error     at destStatted (/usr/share/npm/lib/install/action/finalize.js:27:7)
249 error     at FSReqWrap.oncomplete (fs.js:153:5)
249 error
249 error Error: EACCES: permission denied, rename '/mnt/d/MakeItReal/nodejs-practicing/node_modules/ejs' -> '/mnt/d/MakeItReal/nodejs-practicing/node_modules/.ejs.DELETE' parent: 'nodejs-alejo' }
250 error Please try running this command again as root/Administrator.
251 verbose exit [ -13, true ]
